<?xml version="1.0" encoding="UTF-8"?>
<testng-results ignored="0" total="1" passed="1" failed="0" skipped="0">
  <reporter-output>
  </reporter-output>
  <suite started-at="2023-10-06T17:04:39 IST" name="Default suite" finished-at="2023-10-06T17:04:55 IST" duration-ms="16023">
    <groups>
    </groups>
    <test started-at="2023-10-06T17:04:39 IST" name="Default test" finished-at="2023-10-06T17:04:55 IST" duration-ms="16023">
      <class name="testcase.CitySelectionTestcase">
        <test-method is-config="true" signature="getdata()[pri:0, instance:testcase.CitySelectionTestcase@1c7696c6]" started-at="2023-10-06T17:04:39 IST" name="getdata" finished-at="2023-10-06T17:04:39 IST" duration-ms="12" status="PASS">
          <reporter-output>
          </reporter-output>
        </test-method> <!-- getdata -->
        <test-method is-config="true" signature="launchBrowser()[pri:0, instance:testcase.CitySelectionTestcase@1c7696c6]" started-at="2023-10-06T17:04:42 IST" name="launchBrowser" finished-at="2023-10-06T17:04:49 IST" duration-ms="6565" status="PASS">
          <reporter-output>
          </reporter-output>
        </test-method> <!-- launchBrowser -->
        <test-method signature="runCitySelection(java.lang.String,java.lang.String,java.lang.String,java.lang.String,java.lang.String)[pri:0, instance:testcase.CitySelectionTestcase@1c7696c6]" started-at="2023-10-06T17:04:49 IST" name="runCitySelection" data-provider="fetchData" finished-at="2023-10-06T17:04:55 IST" duration-ms="6176" status="PASS">
          <params>
            <param index="0">
              <value>
                <![CDATA[123456789]]>
              </value>
            </param>
            <param index="1">
              <value>
                <![CDATA[032025]]>
              </value>
            </param>
            <param index="2">
              <value>
                <![CDATA[777]]>
              </value>
            </param>
            <param index="3">
              <value>
                <![CDATA[Pradeep]]>
              </value>
            </param>
            <param index="4">
              <value>
                <![CDATA[Pradeep@gmail.com]]>
              </value>
            </param>
          </params>
          <reporter-output>
          </reporter-output>
        </test-method> <!-- runCitySelection -->
        <test-method is-config="true" signature="tearDown()[pri:0, instance:testcase.CitySelectionTestcase@1c7696c6]" started-at="2023-10-06T17:04:55 IST" name="tearDown" finished-at="2023-10-06T17:04:55 IST" duration-ms="356" status="PASS">
          <reporter-output>
          </reporter-output>
        </test-method> <!-- tearDown -->
      </class> <!-- testcase.CitySelectionTestcase -->
    </test> <!-- Default test -->
  </suite> <!-- Default suite -->
</testng-results>
